<?xml version="1.0" encoding="UTF-8" ?>
<testsuite tests="11" failures="3" name="TestSuite" time="5.231" errors="0" skipped="0">
  <properties>
    <property name="java.runtime.name" value="Java(TM) SE Runtime Environment"/>
    <property name="sun.boot.library.path" value="/Library/Java/JavaVirtualMachines/jdk1.8.0_241.jdk/Contents/Home/jre/lib"/>
    <property name="java.vm.version" value="25.241-b07"/>
    <property name="gopherProxySet" value="false"/>
    <property name="java.vm.vendor" value="Oracle Corporation"/>
    <property name="java.vendor.url" value="http://java.oracle.com/"/>
    <property name="path.separator" value=":"/>
    <property name="java.vm.name" value="Java HotSpot(TM) 64-Bit Server VM"/>
    <property name="file.encoding.pkg" value="sun.io"/>
    <property name="user.country" value="US"/>
    <property name="sun.java.launcher" value="SUN_STANDARD"/>
    <property name="sun.os.patch.level" value="unknown"/>
    <property name="java.vm.specification.name" value="Java Virtual Machine Specification"/>
    <property name="user.dir" value="/Users/ankola/eclipse-workspace/MovieTestAutomation/movie-api-automation"/>
    <property name="java.runtime.version" value="1.8.0_241-b07"/>
    <property name="java.awt.graphicsenv" value="sun.awt.CGraphicsEnvironment"/>
    <property name="basedir" value="/Users/ankola/eclipse-workspace/MovieTestAutomation/movie-api-automation"/>
    <property name="java.endorsed.dirs" value="/Library/Java/JavaVirtualMachines/jdk1.8.0_241.jdk/Contents/Home/jre/lib/endorsed"/>
    <property name="os.arch" value="x86_64"/>
    <property name="surefire.real.class.path" value="/Users/ankola/eclipse-workspace/MovieTestAutomation/movie-api-automation/target/surefire/surefirebooter3843501743020008122.jar"/>
    <property name="java.io.tmpdir" value="/var/folders/qb/p3564gz52cl9fyhrltg6jpmc0000gn/T/"/>
    <property name="line.separator" value="
"/>
    <property name="java.vm.specification.vendor" value="Oracle Corporation"/>
    <property name="os.name" value="Mac OS X"/>
    <property name="sun.jnu.encoding" value="UTF-8"/>
    <property name="java.library.path" value="/Users/ankola/Library/Java/Extensions:/Library/Java/Extensions:/Network/Library/Java/Extensions:/System/Library/Java/Extensions:/usr/lib/java:."/>
    <property name="surefire.test.class.path" value="/Users/ankola/eclipse-workspace/MovieTestAutomation/movie-api-automation/target/test-classes:/Users/ankola/eclipse-workspace/MovieTestAutomation/movie-api-automation/target/classes:/Users/ankola/.m2/repository/org/springframework/spring-context/4.3.14.RELEASE/spring-context-4.3.14.RELEASE.jar:/Users/ankola/.m2/repository/org/springframework/spring-aop/4.3.14.RELEASE/spring-aop-4.3.14.RELEASE.jar:/Users/ankola/.m2/repository/org/springframework/spring-beans/4.3.14.RELEASE/spring-beans-4.3.14.RELEASE.jar:/Users/ankola/.m2/repository/org/springframework/spring-core/4.3.14.RELEASE/spring-core-4.3.14.RELEASE.jar:/Users/ankola/.m2/repository/org/springframework/spring-expression/4.3.14.RELEASE/spring-expression-4.3.14.RELEASE.jar:/Users/ankola/.m2/repository/io/rest-assured/rest-assured/3.0.1/rest-assured-3.0.1.jar:/Users/ankola/.m2/repository/org/codehaus/groovy/groovy/2.4.13/groovy-2.4.13.jar:/Users/ankola/.m2/repository/org/codehaus/groovy/groovy-xml/2.4.13/groovy-xml-2.4.13.jar:/Users/ankola/.m2/repository/org/apache/httpcomponents/httpclient/4.5.5/httpclient-4.5.5.jar:/Users/ankola/.m2/repository/org/apache/httpcomponents/httpcore/4.4.9/httpcore-4.4.9.jar:/Users/ankola/.m2/repository/commons-codec/commons-codec/1.10/commons-codec-1.10.jar:/Users/ankola/.m2/repository/org/apache/httpcomponents/httpmime/4.5.5/httpmime-4.5.5.jar:/Users/ankola/.m2/repository/org/hamcrest/hamcrest-core/1.3/hamcrest-core-1.3.jar:/Users/ankola/.m2/repository/org/hamcrest/hamcrest-library/1.3/hamcrest-library-1.3.jar:/Users/ankola/.m2/repository/org/ccil/cowan/tagsoup/tagsoup/1.2.1/tagsoup-1.2.1.jar:/Users/ankola/.m2/repository/io/rest-assured/json-path/3.0.1/json-path-3.0.1.jar:/Users/ankola/.m2/repository/org/codehaus/groovy/groovy-json/2.4.13/groovy-json-2.4.13.jar:/Users/ankola/.m2/repository/io/rest-assured/rest-assured-common/3.0.1/rest-assured-common-3.0.1.jar:/Users/ankola/.m2/repository/io/rest-assured/xml-path/3.0.1/xml-path-3.0.1.jar:/Users/ankola/.m2/repository/org/apache/commons/commons-lang3/3.4/commons-lang3-3.4.jar:/Users/ankola/.m2/repository/org/testng/testng/6.14.3/testng-6.14.3.jar:/Users/ankola/.m2/repository/com/beust/jcommander/1.72/jcommander-1.72.jar:/Users/ankola/.m2/repository/org/apache-extras/beanshell/bsh/2.0b6/bsh-2.0b6.jar:/Users/ankola/.m2/repository/com/jayway/jsonpath/json-path/2.2.0/json-path-2.2.0.jar:/Users/ankola/.m2/repository/net/minidev/json-smart/2.2.1/json-smart-2.2.1.jar:/Users/ankola/.m2/repository/net/minidev/accessors-smart/1.1/accessors-smart-1.1.jar:/Users/ankola/.m2/repository/org/ow2/asm/asm/5.0.3/asm-5.0.3.jar:/Users/ankola/.m2/repository/org/slf4j/slf4j-api/1.7.25/slf4j-api-1.7.25.jar:/Users/ankola/.m2/repository/com/googlecode/json-simple/json-simple/1.1.1/json-simple-1.1.1.jar:/Users/ankola/.m2/repository/junit/junit/4.12/junit-4.12.jar:/Users/ankola/.m2/repository/javax/xml/bind/jaxb-api/2.3.0/jaxb-api-2.3.0.jar:/Users/ankola/.m2/repository/commons-logging/commons-logging/1.2/commons-logging-1.2.jar:/Users/ankola/.m2/repository/org/apache/maven/surefire/surefire-testng-utils/2.8.1/surefire-testng-utils-2.8.1.jar:"/>
    <property name="suite" value="MovieAPI"/>
    <property name="java.specification.name" value="Java Platform API Specification"/>
    <property name="java.class.version" value="52.0"/>
    <property name="sun.management.compiler" value="HotSpot 64-Bit Tiered Compilers"/>
    <property name="os.version" value="10.14.6"/>
    <property name="user.home" value="/Users/ankola"/>
    <property name="user.timezone" value="America/Los_Angeles"/>
    <property name="java.awt.printerjob" value="sun.lwawt.macosx.CPrinterJob"/>
    <property name="java.specification.version" value="1.8"/>
    <property name="file.encoding" value="UTF-8"/>
    <property name="envType" value="qa"/>
    <property name="user.name" value="ankola"/>
    <property name="java.class.path" value="/Users/ankola/eclipse-workspace/MovieTestAutomation/movie-api-automation/target/test-classes:/Users/ankola/eclipse-workspace/MovieTestAutomation/movie-api-automation/target/classes:/Users/ankola/.m2/repository/org/springframework/spring-context/4.3.14.RELEASE/spring-context-4.3.14.RELEASE.jar:/Users/ankola/.m2/repository/org/springframework/spring-aop/4.3.14.RELEASE/spring-aop-4.3.14.RELEASE.jar:/Users/ankola/.m2/repository/org/springframework/spring-beans/4.3.14.RELEASE/spring-beans-4.3.14.RELEASE.jar:/Users/ankola/.m2/repository/org/springframework/spring-core/4.3.14.RELEASE/spring-core-4.3.14.RELEASE.jar:/Users/ankola/.m2/repository/org/springframework/spring-expression/4.3.14.RELEASE/spring-expression-4.3.14.RELEASE.jar:/Users/ankola/.m2/repository/io/rest-assured/rest-assured/3.0.1/rest-assured-3.0.1.jar:/Users/ankola/.m2/repository/org/codehaus/groovy/groovy/2.4.13/groovy-2.4.13.jar:/Users/ankola/.m2/repository/org/codehaus/groovy/groovy-xml/2.4.13/groovy-xml-2.4.13.jar:/Users/ankola/.m2/repository/org/apache/httpcomponents/httpclient/4.5.5/httpclient-4.5.5.jar:/Users/ankola/.m2/repository/org/apache/httpcomponents/httpcore/4.4.9/httpcore-4.4.9.jar:/Users/ankola/.m2/repository/commons-codec/commons-codec/1.10/commons-codec-1.10.jar:/Users/ankola/.m2/repository/org/apache/httpcomponents/httpmime/4.5.5/httpmime-4.5.5.jar:/Users/ankola/.m2/repository/org/hamcrest/hamcrest-core/1.3/hamcrest-core-1.3.jar:/Users/ankola/.m2/repository/org/hamcrest/hamcrest-library/1.3/hamcrest-library-1.3.jar:/Users/ankola/.m2/repository/org/ccil/cowan/tagsoup/tagsoup/1.2.1/tagsoup-1.2.1.jar:/Users/ankola/.m2/repository/io/rest-assured/json-path/3.0.1/json-path-3.0.1.jar:/Users/ankola/.m2/repository/org/codehaus/groovy/groovy-json/2.4.13/groovy-json-2.4.13.jar:/Users/ankola/.m2/repository/io/rest-assured/rest-assured-common/3.0.1/rest-assured-common-3.0.1.jar:/Users/ankola/.m2/repository/io/rest-assured/xml-path/3.0.1/xml-path-3.0.1.jar:/Users/ankola/.m2/repository/org/apache/commons/commons-lang3/3.4/commons-lang3-3.4.jar:/Users/ankola/.m2/repository/org/testng/testng/6.14.3/testng-6.14.3.jar:/Users/ankola/.m2/repository/com/beust/jcommander/1.72/jcommander-1.72.jar:/Users/ankola/.m2/repository/org/apache-extras/beanshell/bsh/2.0b6/bsh-2.0b6.jar:/Users/ankola/.m2/repository/com/jayway/jsonpath/json-path/2.2.0/json-path-2.2.0.jar:/Users/ankola/.m2/repository/net/minidev/json-smart/2.2.1/json-smart-2.2.1.jar:/Users/ankola/.m2/repository/net/minidev/accessors-smart/1.1/accessors-smart-1.1.jar:/Users/ankola/.m2/repository/org/ow2/asm/asm/5.0.3/asm-5.0.3.jar:/Users/ankola/.m2/repository/org/slf4j/slf4j-api/1.7.25/slf4j-api-1.7.25.jar:/Users/ankola/.m2/repository/com/googlecode/json-simple/json-simple/1.1.1/json-simple-1.1.1.jar:/Users/ankola/.m2/repository/junit/junit/4.12/junit-4.12.jar:/Users/ankola/.m2/repository/javax/xml/bind/jaxb-api/2.3.0/jaxb-api-2.3.0.jar:/Users/ankola/.m2/repository/commons-logging/commons-logging/1.2/commons-logging-1.2.jar:/Users/ankola/.m2/repository/org/apache/maven/surefire/surefire-testng-utils/2.8.1/surefire-testng-utils-2.8.1.jar:"/>
    <property name="java.vm.specification.version" value="1.8"/>
    <property name="sun.arch.data.model" value="64"/>
    <property name="java.home" value="/Library/Java/JavaVirtualMachines/jdk1.8.0_241.jdk/Contents/Home/jre"/>
    <property name="sun.java.command" value="/Users/ankola/eclipse-workspace/MovieTestAutomation/movie-api-automation/target/surefire/surefirebooter3843501743020008122.jar /Users/ankola/eclipse-workspace/MovieTestAutomation/movie-api-automation/target/surefire/surefire7129114317896400083tmp /Users/ankola/eclipse-workspace/MovieTestAutomation/movie-api-automation/target/surefire/surefire3286179850162071542tmp"/>
    <property name="java.specification.vendor" value="Oracle Corporation"/>
    <property name="user.language" value="en"/>
    <property name="awt.toolkit" value="sun.lwawt.macosx.LWCToolkit"/>
    <property name="java.vm.info" value="mixed mode"/>
    <property name="java.version" value="1.8.0_241"/>
    <property name="java.ext.dirs" value="/Users/ankola/Library/Java/Extensions:/Library/Java/JavaVirtualMachines/jdk1.8.0_241.jdk/Contents/Home/jre/lib/ext:/Library/Java/Extensions:/Network/Library/Java/Extensions:/System/Library/Java/Extensions:/usr/lib/java"/>
    <property name="sun.boot.class.path" value="/Library/Java/JavaVirtualMachines/jdk1.8.0_241.jdk/Contents/Home/jre/lib/resources.jar:/Library/Java/JavaVirtualMachines/jdk1.8.0_241.jdk/Contents/Home/jre/lib/rt.jar:/Library/Java/JavaVirtualMachines/jdk1.8.0_241.jdk/Contents/Home/jre/lib/sunrsasign.jar:/Library/Java/JavaVirtualMachines/jdk1.8.0_241.jdk/Contents/Home/jre/lib/jsse.jar:/Library/Java/JavaVirtualMachines/jdk1.8.0_241.jdk/Contents/Home/jre/lib/jce.jar:/Library/Java/JavaVirtualMachines/jdk1.8.0_241.jdk/Contents/Home/jre/lib/charsets.jar:/Library/Java/JavaVirtualMachines/jdk1.8.0_241.jdk/Contents/Home/jre/lib/jfr.jar:/Library/Java/JavaVirtualMachines/jdk1.8.0_241.jdk/Contents/Home/jre/classes"/>
    <property name="java.vendor" value="Oracle Corporation"/>
    <property name="environment" value="qa.configuration.properties"/>
    <property name="localRepository" value="/Users/ankola/.m2/repository"/>
    <property name="file.separator" value="/"/>
    <property name="java.vendor.url.bug" value="http://bugreport.sun.com/bugreport/"/>
    <property name="sun.cpu.endian" value="little"/>
    <property name="sun.io.unicode.encoding" value="UnicodeBig"/>
    <property name="sun.cpu.isalist" value=""/>
  </properties>
  <testcase classname="com.prao.ainterview.tmdb.automation.movies.MoviesAPITest" name="testGetDetailsForMovieIDTwo" time="2.539"/>
  <testcase classname="com.prao.ainterview.tmdb.automation.movies.MoviesAPITest" name="testGetPopularMovieWorksForInternalLanguageCode" time="0.141"/>
  <testcase classname="com.prao.ainterview.tmdb.automation.movies.MoviesAPITest" name="testGetPopularMovieWorksFor2DigitCode" time="0.115"/>
  <testcase classname="com.prao.ainterview.tmdb.automation.movies.MoviesAPITest" name="testGetMovieDetailsByIdShouldHaveLimitOnIDCharacterLength" time="0.131">
    <failure message="status code was not Httpstatus.SC_UNPROCESSABLE_ENTITY 422 (Unprocessable Entity) status code means expected [422] but found [200]" type="java.lang.AssertionError">java.lang.AssertionError: status code was not Httpstatus.SC_UNPROCESSABLE_ENTITY 422 (Unprocessable Entity) status code means expected [422] but found [200]
	at org.testng.Assert.fail(Assert.java:96)
	at org.testng.Assert.failNotEquals(Assert.java:776)
	at org.testng.Assert.assertEqualsImpl(Assert.java:137)
	at org.testng.Assert.assertEquals(Assert.java:118)
	at org.testng.Assert.assertEquals(Assert.java:652)
	at com.prao.ainterview.tmdb.automation.movies.MoviesAPITest.testGetMovieDetailsByIdShouldHaveLimitOnIDCharacterLength(MoviesAPITest.java:165)
</failure>
  </testcase>
  <testcase classname="com.prao.ainterview.tmdb.automation.movies.MoviesAPITest" name="testGetMovieDetailsByIdShouldNotAcceptNegativeNumbersAsID" time="0.105">
    <failure message="status code was not Httpstatus.SC_UNPROCESSABLE_ENTITY 422 (Unprocessable Entity) status code means expected [422] but found [404]" type="java.lang.AssertionError">java.lang.AssertionError: status code was not Httpstatus.SC_UNPROCESSABLE_ENTITY 422 (Unprocessable Entity) status code means expected [422] but found [404]
	at org.testng.Assert.fail(Assert.java:96)
	at org.testng.Assert.failNotEquals(Assert.java:776)
	at org.testng.Assert.assertEqualsImpl(Assert.java:137)
	at org.testng.Assert.assertEquals(Assert.java:118)
	at org.testng.Assert.assertEquals(Assert.java:652)
	at com.prao.ainterview.tmdb.automation.movies.MoviesAPITest.testGetMovieDetailsByIdShouldNotAcceptNegativeNumbersAsID(MoviesAPITest.java:185)
</failure>
  </testcase>
  <testcase classname="com.prao.ainterview.tmdb.automation.movies.MoviesAPITest" name="testGetMovieDetailsByIdShouldNotAcceptXSSVulnerableStrings" time="0.101"/>
  <testcase classname="com.prao.ainterview.tmdb.automation.movies.MoviesAPITest" name="testGetMovieDetailsByIdShouldNotAcceptXSSVulnerableStrings" time="0.102"/>
  <testcase classname="com.prao.ainterview.tmdb.automation.movies.MoviesAPITest" name="testGetMovieDetailsByIdShouldNotAcceptXSSVulnerableStrings" time="0.126"/>
  <testcase classname="com.prao.ainterview.tmdb.automation.movies.MoviesAPITest" name="testGetMovieDetailsByIdShouldNotAcceptXSSVulnerableStrings" time="0.118"/>
  <testcase classname="com.prao.ainterview.tmdb.automation.movies.MoviesAPITest" name="testGetMovieDetailsByIdShouldThrowMeaningfulErrorForInvalidLanguageString" time="1.161">
    <failure message="status code was not Httpstatus.SC_UNPROCESSABLE_ENTITY 422 (Unprocessable Entity) status code means expected [422] but found [200]" type="java.lang.AssertionError">java.lang.AssertionError: status code was not Httpstatus.SC_UNPROCESSABLE_ENTITY 422 (Unprocessable Entity) status code means expected [422] but found [200]
	at org.testng.Assert.fail(Assert.java:96)
	at org.testng.Assert.failNotEquals(Assert.java:776)
	at org.testng.Assert.assertEqualsImpl(Assert.java:137)
	at org.testng.Assert.assertEquals(Assert.java:118)
	at org.testng.Assert.assertEquals(Assert.java:652)
	at com.prao.ainterview.tmdb.automation.movies.MoviesAPITest.testGetMovieDetailsByIdShouldThrowMeaningfulErrorForInvalidLanguageString(MoviesAPITest.java:127)
</failure>
  </testcase>
  <testcase classname="com.prao.ainterview.tmdb.automation.movies.MoviesAPITest" name="testGetMovieDetailsByIdShouldThrowMeaningfulErrorForEmptyAPIKey" time="0.199"/>
</testsuite>